26-Jan-2024 16:58:35.098 INFO [main] org.apache.catalina.startup.VersionLoggerListener.log Server version name:   Apache Tomcat/10.1.18
26-Jan-2024 16:58:35.107 INFO [main] org.apache.catalina.startup.VersionLoggerListener.log Server built:          Jan 5 2024 14:39:40 UTC
26-Jan-2024 16:58:35.110 INFO [main] org.apache.catalina.startup.VersionLoggerListener.log Server version number: 10.1.18.0
26-Jan-2024 16:58:35.110 INFO [main] org.apache.catalina.startup.VersionLoggerListener.log OS Name:               Windows 11
26-Jan-2024 16:58:35.110 INFO [main] org.apache.catalina.startup.VersionLoggerListener.log OS Version:            10.0
26-Jan-2024 16:58:35.110 INFO [main] org.apache.catalina.startup.VersionLoggerListener.log Architecture:          amd64
26-Jan-2024 16:58:35.110 INFO [main] org.apache.catalina.startup.VersionLoggerListener.log Java Home:             C:\Program Files\Java\jdk-21
26-Jan-2024 16:58:35.112 INFO [main] org.apache.catalina.startup.VersionLoggerListener.log JVM Version:           21.0.1+12-LTS-29
26-Jan-2024 16:58:35.112 INFO [main] org.apache.catalina.startup.VersionLoggerListener.log JVM Vendor:            Oracle Corporation
26-Jan-2024 16:58:35.113 INFO [main] org.apache.catalina.startup.VersionLoggerListener.log CATALINA_BASE:         C:\Users\vinee\IdeaProjects\FFP_V
26-Jan-2024 16:58:35.114 INFO [main] org.apache.catalina.startup.VersionLoggerListener.log CATALINA_HOME:         C:\Users\vinee\Downloads\apache-tomcat-10.1.18
26-Jan-2024 16:58:35.137 INFO [main] org.apache.catalina.startup.VersionLoggerListener.log Command line argument: --add-opens=java.base/java.lang=ALL-UNNAMED
26-Jan-2024 16:58:35.139 INFO [main] org.apache.catalina.startup.VersionLoggerListener.log Command line argument: --add-opens=java.base/java.io=ALL-UNNAMED
26-Jan-2024 16:58:35.139 INFO [main] org.apache.catalina.startup.VersionLoggerListener.log Command line argument: --add-opens=java.base/java.util=ALL-UNNAMED
26-Jan-2024 16:58:35.140 INFO [main] org.apache.catalina.startup.VersionLoggerListener.log Command line argument: --add-opens=java.base/java.util.concurrent=ALL-UNNAMED
26-Jan-2024 16:58:35.140 INFO [main] org.apache.catalina.startup.VersionLoggerListener.log Command line argument: --add-opens=java.rmi/sun.rmi.transport=ALL-UNNAMED
26-Jan-2024 16:58:35.140 INFO [main] org.apache.catalina.startup.VersionLoggerListener.log Command line argument: -Dcatalina.home=C:\Users\vinee\Downloads\apache-tomcat-10.1.18
26-Jan-2024 16:58:35.140 INFO [main] org.apache.catalina.startup.VersionLoggerListener.log Command line argument: -Dcatalina.base=C:\Users\vinee\IdeaProjects\FFP_V
26-Jan-2024 16:58:35.140 INFO [main] org.apache.catalina.startup.VersionLoggerListener.log Command line argument: -Djava.io.tmpdir=C:\Users\vinee\IdeaProjects\FFP_V\temp
26-Jan-2024 16:58:35.141 INFO [main] org.apache.catalina.startup.VersionLoggerListener.log Command line argument: -Djava.util.logging.config.file=C:\Users\vinee\IdeaProjects\FFP_V\conf\logging.properties
26-Jan-2024 16:58:35.141 INFO [main] org.apache.catalina.startup.VersionLoggerListener.log Command line argument: -Djava.util.logging.manager=org.apache.juli.ClassLoaderLogManager
26-Jan-2024 16:58:35.141 INFO [main] org.apache.catalina.startup.VersionLoggerListener.log Command line argument: -javaagent:C:\Program Files\JetBrains\IntelliJ IDEA Community Edition 2023.3.2\lib\idea_rt.jar=53931:C:\Program Files\JetBrains\IntelliJ IDEA Community Edition 2023.3.2\bin
26-Jan-2024 16:58:35.141 INFO [main] org.apache.catalina.startup.VersionLoggerListener.log Command line argument: -Dfile.encoding=UTF-8
26-Jan-2024 16:58:35.141 INFO [main] org.apache.catalina.startup.VersionLoggerListener.log Command line argument: -Dsun.stdout.encoding=UTF-8
26-Jan-2024 16:58:35.141 INFO [main] org.apache.catalina.startup.VersionLoggerListener.log Command line argument: -Dsun.stderr.encoding=UTF-8
26-Jan-2024 16:58:35.151 INFO [main] org.apache.catalina.core.AprLifecycleListener.lifecycleEvent Loaded Apache Tomcat Native library [2.0.6] using APR version [1.7.4].
26-Jan-2024 16:58:35.173 INFO [main] org.apache.catalina.core.AprLifecycleListener.initializeSSL OpenSSL successfully initialized [OpenSSL 3.0.11 19 Sep 2023]
26-Jan-2024 16:58:35.751 INFO [main] org.apache.coyote.AbstractProtocol.init Initializing ProtocolHandler ["http-nio-8080"]
26-Jan-2024 16:58:35.782 INFO [main] org.apache.catalina.startup.Catalina.load Server initialization in [1205] milliseconds
26-Jan-2024 16:58:35.905 INFO [main] org.apache.catalina.core.StandardService.startInternal Starting service [Catalina]
26-Jan-2024 16:58:35.905 INFO [main] org.apache.catalina.core.StandardEngine.startInternal Starting Servlet engine: [Apache Tomcat/10.1.18]
26-Jan-2024 16:58:35.923 INFO [main] org.apache.catalina.startup.HostConfig.deployDescriptor Deploying deployment descriptor [C:\Users\vinee\IdeaProjects\FFP_V\conf\Catalina\localhost\ROOT.xml]
26-Jan-2024 16:58:41.260 INFO [main] org.apache.jasper.servlet.TldScanner.scanJars At least one JAR was scanned for TLDs yet contained no TLDs. Enable debug logging for this logger for a complete list of JARs that were scanned but no TLDs were found in them. Skipping unneeded JARs during scanning can improve startup time and JSP compilation time.
26-Jan-2024 16:59:12.680 INFO [main] org.apache.catalina.startup.HostConfig.deployDescriptor Deployment of deployment descriptor [C:\Users\vinee\IdeaProjects\FFP_V\conf\Catalina\localhost\ROOT.xml] has finished in [36,757] ms
26-Jan-2024 16:59:12.687 INFO [main] org.apache.coyote.AbstractProtocol.start Starting ProtocolHandler ["http-nio-8080"]
26-Jan-2024 16:59:12.717 INFO [main] org.apache.catalina.startup.Catalina.start Server startup in [36931] milliseconds
