27-Jan-2024 10:16:34.324 INFO [Thread-4] org.apache.catalina.core.ApplicationContext.log Destroying Spring FrameworkServlet 'dispatcherServlet'
27-Jan-2024 10:16:34.325 INFO [Thread-4] org.apache.catalina.core.ApplicationContext.log Closing Spring root WebApplicationContext
27-Jan-2024 10:41:34.145 INFO [main] org.apache.catalina.core.ApplicationContext.log 2 Spring WebApplicationInitializers detected on classpath
27-Jan-2024 10:41:38.380 INFO [main] org.apache.catalina.core.ApplicationContext.log Initializing Spring embedded WebApplicationContext
27-Jan-2024 10:50:58.000 INFO [main] org.apache.catalina.core.ApplicationContext.log 2 Spring WebApplicationInitializers detected on classpath
27-Jan-2024 10:51:02.356 INFO [main] org.apache.catalina.core.ApplicationContext.log Initializing Spring embedded WebApplicationContext
27-Jan-2024 11:09:45.230 INFO [main] org.apache.catalina.core.ApplicationContext.log 2 Spring WebApplicationInitializers detected on classpath
27-Jan-2024 11:09:49.255 INFO [main] org.apache.catalina.core.ApplicationContext.log Initializing Spring embedded WebApplicationContext
27-Jan-2024 12:42:05.655 INFO [main] org.apache.catalina.core.ApplicationContext.log 2 Spring WebApplicationInitializers detected on classpath
27-Jan-2024 12:42:10.106 INFO [main] org.apache.catalina.core.ApplicationContext.log Initializing Spring embedded WebApplicationContext
27-Jan-2024 15:08:40.255 INFO [main] org.apache.catalina.core.ApplicationContext.log 2 Spring WebApplicationInitializers detected on classpath
27-Jan-2024 15:08:42.540 INFO [main] org.apache.catalina.core.ApplicationContext.log Initializing Spring embedded WebApplicationContext
27-Jan-2024 15:08:54.999 INFO [http-nio-8080-exec-2] org.apache.catalina.core.ApplicationContext.log Initializing Spring DispatcherServlet 'dispatcherServlet'
27-Jan-2024 16:27:38.882 INFO [Thread-4] org.apache.catalina.core.ApplicationContext.log Destroying Spring FrameworkServlet 'dispatcherServlet'
27-Jan-2024 16:27:38.883 INFO [Thread-4] org.apache.catalina.core.ApplicationContext.log Closing Spring root WebApplicationContext
27-Jan-2024 16:27:52.763 INFO [main] org.apache.catalina.core.ApplicationContext.log 2 Spring WebApplicationInitializers detected on classpath
27-Jan-2024 16:28:01.579 INFO [main] org.apache.catalina.core.ApplicationContext.log Initializing Spring embedded WebApplicationContext
27-Jan-2024 16:34:01.615 INFO [main] org.apache.catalina.core.ApplicationContext.log 2 Spring WebApplicationInitializers detected on classpath
27-Jan-2024 16:34:13.622 INFO [main] org.apache.catalina.core.ApplicationContext.log Initializing Spring embedded WebApplicationContext
27-Jan-2024 16:37:16.030 INFO [main] org.apache.catalina.core.ApplicationContext.log 2 Spring WebApplicationInitializers detected on classpath
27-Jan-2024 16:37:20.435 INFO [main] org.apache.catalina.core.ApplicationContext.log Initializing Spring embedded WebApplicationContext
27-Jan-2024 16:37:37.456 INFO [http-nio-8080-exec-3] org.apache.catalina.core.ApplicationContext.log Initializing Spring DispatcherServlet 'dispatcherServlet'
27-Jan-2024 16:38:11.976 INFO [Thread-4] org.apache.catalina.core.ApplicationContext.log Destroying Spring FrameworkServlet 'dispatcherServlet'
27-Jan-2024 16:38:11.979 INFO [Thread-4] org.apache.catalina.core.ApplicationContext.log Closing Spring root WebApplicationContext
27-Jan-2024 16:38:22.161 INFO [main] org.apache.catalina.core.ApplicationContext.log 2 Spring WebApplicationInitializers detected on classpath
27-Jan-2024 16:38:26.548 INFO [main] org.apache.catalina.core.ApplicationContext.log Initializing Spring embedded WebApplicationContext
27-Jan-2024 16:44:58.465 INFO [main] org.apache.catalina.core.ApplicationContext.log 2 Spring WebApplicationInitializers detected on classpath
27-Jan-2024 16:45:03.037 INFO [main] org.apache.catalina.core.ApplicationContext.log Initializing Spring embedded WebApplicationContext
27-Jan-2024 16:47:57.312 INFO [main] org.apache.catalina.core.ApplicationContext.log 2 Spring WebApplicationInitializers detected on classpath
27-Jan-2024 16:48:01.784 INFO [main] org.apache.catalina.core.ApplicationContext.log Initializing Spring embedded WebApplicationContext
27-Jan-2024 16:48:41.279 INFO [http-nio-8080-exec-1] org.apache.catalina.core.ApplicationContext.log Initializing Spring DispatcherServlet 'dispatcherServlet'
27-Jan-2024 18:14:22.772 INFO [Thread-4] org.apache.catalina.core.ApplicationContext.log Destroying Spring FrameworkServlet 'dispatcherServlet'
27-Jan-2024 18:14:22.773 INFO [Thread-4] org.apache.catalina.core.ApplicationContext.log Closing Spring root WebApplicationContext
27-Jan-2024 18:14:32.721 INFO [main] org.apache.catalina.core.ApplicationContext.log 2 Spring WebApplicationInitializers detected on classpath
27-Jan-2024 18:14:37.093 INFO [main] org.apache.catalina.core.ApplicationContext.log Initializing Spring embedded WebApplicationContext
27-Jan-2024 18:23:12.013 INFO [http-nio-8080-exec-2] org.apache.catalina.core.ApplicationContext.log Initializing Spring DispatcherServlet 'dispatcherServlet'
27-Jan-2024 18:27:43.808 INFO [Thread-4] org.apache.catalina.core.ApplicationContext.log Destroying Spring FrameworkServlet 'dispatcherServlet'
27-Jan-2024 18:27:43.809 INFO [Thread-4] org.apache.catalina.core.ApplicationContext.log Closing Spring root WebApplicationContext
27-Jan-2024 18:27:54.312 INFO [main] org.apache.catalina.core.ApplicationContext.log 2 Spring WebApplicationInitializers detected on classpath
27-Jan-2024 18:27:58.607 INFO [main] org.apache.catalina.core.ApplicationContext.log Initializing Spring embedded WebApplicationContext
27-Jan-2024 18:28:25.808 INFO [http-nio-8080-exec-1] org.apache.catalina.core.ApplicationContext.log Initializing Spring DispatcherServlet 'dispatcherServlet'
27-Jan-2024 18:28:49.323 INFO [Thread-4] org.apache.catalina.core.ApplicationContext.log Destroying Spring FrameworkServlet 'dispatcherServlet'
27-Jan-2024 18:28:49.324 INFO [Thread-4] org.apache.catalina.core.ApplicationContext.log Closing Spring root WebApplicationContext
27-Jan-2024 18:28:59.190 INFO [main] org.apache.catalina.core.ApplicationContext.log 2 Spring WebApplicationInitializers detected on classpath
27-Jan-2024 18:29:03.594 INFO [main] org.apache.catalina.core.ApplicationContext.log Initializing Spring embedded WebApplicationContext
27-Jan-2024 18:29:17.654 INFO [http-nio-8080-exec-4] org.apache.catalina.core.ApplicationContext.log Initializing Spring DispatcherServlet 'dispatcherServlet'
27-Jan-2024 18:30:34.917 INFO [Thread-4] org.apache.catalina.core.ApplicationContext.log Destroying Spring FrameworkServlet 'dispatcherServlet'
27-Jan-2024 18:30:34.918 INFO [Thread-4] org.apache.catalina.core.ApplicationContext.log Closing Spring root WebApplicationContext
27-Jan-2024 18:30:44.743 INFO [main] org.apache.catalina.core.ApplicationContext.log 2 Spring WebApplicationInitializers detected on classpath
27-Jan-2024 18:30:49.066 INFO [main] org.apache.catalina.core.ApplicationContext.log Initializing Spring embedded WebApplicationContext
27-Jan-2024 18:31:07.459 INFO [http-nio-8080-exec-2] org.apache.catalina.core.ApplicationContext.log Initializing Spring DispatcherServlet 'dispatcherServlet'
27-Jan-2024 18:55:03.933 INFO [Thread-4] org.apache.catalina.core.ApplicationContext.log Destroying Spring FrameworkServlet 'dispatcherServlet'
27-Jan-2024 18:55:03.934 INFO [Thread-4] org.apache.catalina.core.ApplicationContext.log Closing Spring root WebApplicationContext
27-Jan-2024 18:55:13.863 INFO [main] org.apache.catalina.core.ApplicationContext.log 2 Spring WebApplicationInitializers detected on classpath
27-Jan-2024 18:55:18.158 INFO [main] org.apache.catalina.core.ApplicationContext.log Initializing Spring embedded WebApplicationContext
27-Jan-2024 18:55:41.317 INFO [http-nio-8080-exec-2] org.apache.catalina.core.ApplicationContext.log Initializing Spring DispatcherServlet 'dispatcherServlet'
27-Jan-2024 18:57:58.813 INFO [Thread-4] org.apache.catalina.core.ApplicationContext.log Destroying Spring FrameworkServlet 'dispatcherServlet'
27-Jan-2024 18:57:58.814 INFO [Thread-4] org.apache.catalina.core.ApplicationContext.log Closing Spring root WebApplicationContext
27-Jan-2024 18:58:09.755 INFO [main] org.apache.catalina.core.ApplicationContext.log 2 Spring WebApplicationInitializers detected on classpath
27-Jan-2024 18:58:16.003 INFO [main] org.apache.catalina.core.ApplicationContext.log Initializing Spring embedded WebApplicationContext
27-Jan-2024 18:58:29.753 INFO [http-nio-8080-exec-2] org.apache.catalina.core.ApplicationContext.log Initializing Spring DispatcherServlet 'dispatcherServlet'
