24-Jan-2024 09:38:42.640 INFO [main] org.apache.catalina.core.ApplicationContext.log 2 Spring WebApplicationInitializers detected on classpath
24-Jan-2024 09:38:45.964 INFO [main] org.apache.catalina.core.ApplicationContext.log Initializing Spring embedded WebApplicationContext
24-Jan-2024 09:39:48.344 INFO [http-nio-8080-exec-1] org.apache.catalina.core.ApplicationContext.log Initializing Spring DispatcherServlet 'dispatcherServlet'
24-Jan-2024 09:40:33.931 INFO [Thread-3] org.apache.catalina.core.ApplicationContext.log Destroying Spring FrameworkServlet 'dispatcherServlet'
24-Jan-2024 09:40:33.932 INFO [Thread-3] org.apache.catalina.core.ApplicationContext.log Closing Spring root WebApplicationContext
24-Jan-2024 09:40:41.886 INFO [main] org.apache.catalina.core.ApplicationContext.log 2 Spring WebApplicationInitializers detected on classpath
24-Jan-2024 09:40:45.028 INFO [main] org.apache.catalina.core.ApplicationContext.log Initializing Spring embedded WebApplicationContext
24-Jan-2024 09:40:55.936 INFO [http-nio-8080-exec-1] org.apache.catalina.core.ApplicationContext.log Initializing Spring DispatcherServlet 'dispatcherServlet'
24-Jan-2024 09:42:19.354 INFO [Thread-3] org.apache.catalina.core.ApplicationContext.log Destroying Spring FrameworkServlet 'dispatcherServlet'
24-Jan-2024 09:42:19.364 INFO [Thread-3] org.apache.catalina.core.ApplicationContext.log Closing Spring root WebApplicationContext
24-Jan-2024 09:42:26.703 INFO [main] org.apache.catalina.core.ApplicationContext.log 2 Spring WebApplicationInitializers detected on classpath
24-Jan-2024 09:42:30.061 INFO [main] org.apache.catalina.core.ApplicationContext.log Initializing Spring embedded WebApplicationContext
24-Jan-2024 09:42:41.666 INFO [http-nio-8080-exec-2] org.apache.catalina.core.ApplicationContext.log Initializing Spring DispatcherServlet 'dispatcherServlet'
24-Jan-2024 09:44:09.685 INFO [Thread-3] org.apache.catalina.core.ApplicationContext.log Destroying Spring FrameworkServlet 'dispatcherServlet'
24-Jan-2024 09:44:09.686 INFO [Thread-3] org.apache.catalina.core.ApplicationContext.log Closing Spring root WebApplicationContext
24-Jan-2024 09:44:17.822 INFO [main] org.apache.catalina.core.ApplicationContext.log 2 Spring WebApplicationInitializers detected on classpath
24-Jan-2024 09:44:21.213 INFO [main] org.apache.catalina.core.ApplicationContext.log Initializing Spring embedded WebApplicationContext
24-Jan-2024 09:44:32.235 INFO [http-nio-8080-exec-2] org.apache.catalina.core.ApplicationContext.log Initializing Spring DispatcherServlet 'dispatcherServlet'
24-Jan-2024 09:45:49.429 INFO [Thread-3] org.apache.catalina.core.ApplicationContext.log Destroying Spring FrameworkServlet 'dispatcherServlet'
24-Jan-2024 09:45:49.433 INFO [Thread-3] org.apache.catalina.core.ApplicationContext.log Closing Spring root WebApplicationContext
24-Jan-2024 09:45:56.859 INFO [main] org.apache.catalina.core.ApplicationContext.log 2 Spring WebApplicationInitializers detected on classpath
24-Jan-2024 09:46:00.169 INFO [main] org.apache.catalina.core.ApplicationContext.log Initializing Spring embedded WebApplicationContext
24-Jan-2024 09:46:11.834 INFO [http-nio-8080-exec-1] org.apache.catalina.core.ApplicationContext.log Initializing Spring DispatcherServlet 'dispatcherServlet'
24-Jan-2024 09:49:30.755 INFO [Thread-3] org.apache.catalina.core.ApplicationContext.log Destroying Spring FrameworkServlet 'dispatcherServlet'
24-Jan-2024 09:49:30.756 INFO [Thread-3] org.apache.catalina.core.ApplicationContext.log Closing Spring root WebApplicationContext
24-Jan-2024 09:49:38.180 INFO [main] org.apache.catalina.core.ApplicationContext.log 2 Spring WebApplicationInitializers detected on classpath
24-Jan-2024 09:49:41.577 INFO [main] org.apache.catalina.core.ApplicationContext.log Initializing Spring embedded WebApplicationContext
24-Jan-2024 09:49:59.072 INFO [http-nio-8080-exec-1] org.apache.catalina.core.ApplicationContext.log Initializing Spring DispatcherServlet 'dispatcherServlet'
24-Jan-2024 09:50:42.460 INFO [Thread-3] org.apache.catalina.core.ApplicationContext.log Destroying Spring FrameworkServlet 'dispatcherServlet'
24-Jan-2024 09:50:42.463 INFO [Thread-3] org.apache.catalina.core.ApplicationContext.log Closing Spring root WebApplicationContext
24-Jan-2024 09:50:50.729 INFO [main] org.apache.catalina.core.ApplicationContext.log 2 Spring WebApplicationInitializers detected on classpath
24-Jan-2024 09:50:53.779 INFO [main] org.apache.catalina.core.ApplicationContext.log Initializing Spring embedded WebApplicationContext
24-Jan-2024 09:51:05.833 INFO [http-nio-8080-exec-1] org.apache.catalina.core.ApplicationContext.log Initializing Spring DispatcherServlet 'dispatcherServlet'
24-Jan-2024 09:53:56.530 INFO [Thread-3] org.apache.catalina.core.ApplicationContext.log Destroying Spring FrameworkServlet 'dispatcherServlet'
24-Jan-2024 09:53:56.532 INFO [Thread-3] org.apache.catalina.core.ApplicationContext.log Closing Spring root WebApplicationContext
24-Jan-2024 09:54:04.319 INFO [main] org.apache.catalina.core.ApplicationContext.log 2 Spring WebApplicationInitializers detected on classpath
24-Jan-2024 09:54:07.330 INFO [main] org.apache.catalina.core.ApplicationContext.log Initializing Spring embedded WebApplicationContext
24-Jan-2024 09:54:19.776 INFO [http-nio-8080-exec-1] org.apache.catalina.core.ApplicationContext.log Initializing Spring DispatcherServlet 'dispatcherServlet'
24-Jan-2024 09:54:39.911 INFO [Thread-3] org.apache.catalina.core.ApplicationContext.log Destroying Spring FrameworkServlet 'dispatcherServlet'
24-Jan-2024 09:54:39.913 INFO [Thread-3] org.apache.catalina.core.ApplicationContext.log Closing Spring root WebApplicationContext
24-Jan-2024 09:54:47.233 INFO [main] org.apache.catalina.core.ApplicationContext.log 2 Spring WebApplicationInitializers detected on classpath
24-Jan-2024 09:54:50.288 INFO [main] org.apache.catalina.core.ApplicationContext.log Initializing Spring embedded WebApplicationContext
24-Jan-2024 09:55:05.858 INFO [http-nio-8080-exec-1] org.apache.catalina.core.ApplicationContext.log Initializing Spring DispatcherServlet 'dispatcherServlet'
24-Jan-2024 10:02:57.242 INFO [Thread-3] org.apache.catalina.core.ApplicationContext.log Destroying Spring FrameworkServlet 'dispatcherServlet'
24-Jan-2024 10:02:57.244 INFO [Thread-3] org.apache.catalina.core.ApplicationContext.log Closing Spring root WebApplicationContext
24-Jan-2024 10:03:05.482 INFO [main] org.apache.catalina.core.ApplicationContext.log 2 Spring WebApplicationInitializers detected on classpath
24-Jan-2024 10:03:08.573 INFO [main] org.apache.catalina.core.ApplicationContext.log Initializing Spring embedded WebApplicationContext
24-Jan-2024 10:04:55.618 INFO [main] org.apache.catalina.core.ApplicationContext.log 2 Spring WebApplicationInitializers detected on classpath
24-Jan-2024 10:04:58.708 INFO [main] org.apache.catalina.core.ApplicationContext.log Initializing Spring embedded WebApplicationContext
24-Jan-2024 10:10:51.917 INFO [main] org.apache.catalina.core.ApplicationContext.log 2 Spring WebApplicationInitializers detected on classpath
24-Jan-2024 10:10:54.990 INFO [main] org.apache.catalina.core.ApplicationContext.log Initializing Spring embedded WebApplicationContext
24-Jan-2024 10:11:14.758 INFO [http-nio-8080-exec-4] org.apache.catalina.core.ApplicationContext.log Initializing Spring DispatcherServlet 'dispatcherServlet'
24-Jan-2024 10:15:12.254 INFO [Thread-3] org.apache.catalina.core.ApplicationContext.log Destroying Spring FrameworkServlet 'dispatcherServlet'
24-Jan-2024 10:15:12.255 INFO [Thread-3] org.apache.catalina.core.ApplicationContext.log Closing Spring root WebApplicationContext
24-Jan-2024 10:31:18.496 INFO [main] org.apache.catalina.core.ApplicationContext.log 2 Spring WebApplicationInitializers detected on classpath
24-Jan-2024 10:31:21.581 INFO [main] org.apache.catalina.core.ApplicationContext.log Initializing Spring embedded WebApplicationContext
24-Jan-2024 10:31:33.352 INFO [http-nio-8080-exec-1] org.apache.catalina.core.ApplicationContext.log Initializing Spring DispatcherServlet 'dispatcherServlet'
24-Jan-2024 11:06:12.544 INFO [Thread-3] org.apache.catalina.core.ApplicationContext.log Destroying Spring FrameworkServlet 'dispatcherServlet'
24-Jan-2024 11:06:12.546 INFO [Thread-3] org.apache.catalina.core.ApplicationContext.log Closing Spring root WebApplicationContext
24-Jan-2024 11:19:01.016 INFO [main] org.apache.catalina.core.ApplicationContext.log 2 Spring WebApplicationInitializers detected on classpath
24-Jan-2024 11:19:03.449 INFO [main] org.apache.catalina.core.ApplicationContext.log Initializing Spring embedded WebApplicationContext
24-Jan-2024 11:21:38.670 INFO [http-nio-8080-exec-1] org.apache.catalina.core.ApplicationContext.log Initializing Spring DispatcherServlet 'dispatcherServlet'
24-Jan-2024 11:24:20.195 INFO [Thread-3] org.apache.catalina.core.ApplicationContext.log Destroying Spring FrameworkServlet 'dispatcherServlet'
24-Jan-2024 11:24:20.196 INFO [Thread-3] org.apache.catalina.core.ApplicationContext.log Closing Spring root WebApplicationContext
24-Jan-2024 11:24:25.417 INFO [main] org.apache.catalina.core.ApplicationContext.log 2 Spring WebApplicationInitializers detected on classpath
24-Jan-2024 11:24:27.765 INFO [main] org.apache.catalina.core.ApplicationContext.log Initializing Spring embedded WebApplicationContext
24-Jan-2024 11:26:01.816 INFO [http-nio-8080-exec-3] org.apache.catalina.core.ApplicationContext.log Initializing Spring DispatcherServlet 'dispatcherServlet'
24-Jan-2024 11:26:38.419 INFO [Thread-3] org.apache.catalina.core.ApplicationContext.log Destroying Spring FrameworkServlet 'dispatcherServlet'
24-Jan-2024 11:26:38.419 INFO [Thread-3] org.apache.catalina.core.ApplicationContext.log Closing Spring root WebApplicationContext
24-Jan-2024 20:35:55.714 INFO [main] org.apache.catalina.core.ApplicationContext.log 2 Spring WebApplicationInitializers detected on classpath
24-Jan-2024 20:35:58.796 INFO [main] org.apache.catalina.core.ApplicationContext.log Initializing Spring embedded WebApplicationContext
24-Jan-2024 20:37:39.048 INFO [http-nio-8080-exec-2] org.apache.catalina.core.ApplicationContext.log Initializing Spring DispatcherServlet 'dispatcherServlet'
24-Jan-2024 20:40:25.778 INFO [Thread-3] org.apache.catalina.core.ApplicationContext.log Destroying Spring FrameworkServlet 'dispatcherServlet'
24-Jan-2024 20:40:25.780 INFO [Thread-3] org.apache.catalina.core.ApplicationContext.log Closing Spring root WebApplicationContext
24-Jan-2024 20:40:33.468 INFO [main] org.apache.catalina.core.ApplicationContext.log 2 Spring WebApplicationInitializers detected on classpath
24-Jan-2024 20:40:36.599 INFO [main] org.apache.catalina.core.ApplicationContext.log Initializing Spring embedded WebApplicationContext
24-Jan-2024 20:41:59.855 INFO [http-nio-8080-exec-2] org.apache.catalina.core.ApplicationContext.log Initializing Spring DispatcherServlet 'dispatcherServlet'
24-Jan-2024 20:51:12.649 INFO [Thread-3] org.apache.catalina.core.ApplicationContext.log Destroying Spring FrameworkServlet 'dispatcherServlet'
24-Jan-2024 20:51:12.651 INFO [Thread-3] org.apache.catalina.core.ApplicationContext.log Closing Spring root WebApplicationContext
24-Jan-2024 20:51:19.623 INFO [main] org.apache.catalina.core.ApplicationContext.log 2 Spring WebApplicationInitializers detected on classpath
24-Jan-2024 20:51:23.410 INFO [main] org.apache.catalina.core.ApplicationContext.log Initializing Spring embedded WebApplicationContext
24-Jan-2024 20:51:49.319 INFO [http-nio-8080-exec-2] org.apache.catalina.core.ApplicationContext.log Initializing Spring DispatcherServlet 'dispatcherServlet'
24-Jan-2024 20:57:12.937 INFO [Thread-3] org.apache.catalina.core.ApplicationContext.log Destroying Spring FrameworkServlet 'dispatcherServlet'
24-Jan-2024 20:57:12.938 INFO [Thread-3] org.apache.catalina.core.ApplicationContext.log Closing Spring root WebApplicationContext
24-Jan-2024 20:57:20.739 INFO [main] org.apache.catalina.core.ApplicationContext.log 2 Spring WebApplicationInitializers detected on classpath
24-Jan-2024 20:57:23.776 INFO [main] org.apache.catalina.core.ApplicationContext.log Initializing Spring embedded WebApplicationContext
24-Jan-2024 20:57:40.065 INFO [http-nio-8080-exec-1] org.apache.catalina.core.ApplicationContext.log Initializing Spring DispatcherServlet 'dispatcherServlet'
